2019-12-11 10:23:09.516 [main] INFO  com.yy.RunApplication -
                Starting RunApplication on DESKTOP-LQEQF0P with PID 16328 (D:\IDEA\WorkSpace\ailipayjoint\run\target\classes started by Administrator in D:\IDEA\WorkSpace\ailipayjoint)
2019-12-11 10:23:09.517 [main] INFO  com.yy.RunApplication -
                The following profiles are active: dev
2019-12-11 10:23:13.253 [main] INFO  o.s.c.s.PostProcessorRegistrationDelegate$BeanPostProcessorChecker -
                Bean 'config' of type [com.yy.system.config.shiro.Config$$EnhancerBySpringCGLIB$$15de54ae] is not eligible for getting processed by all BeanPostProcessors (for example: not eligible for auto-proxying)
2019-12-11 10:23:13.306 [main] INFO  o.s.c.s.PostProcessorRegistrationDelegate$BeanPostProcessorChecker -
                Bean 'payRealm' of type [com.yy.system.config.shiro.PayRealm] is not eligible for getting processed by all BeanPostProcessors (for example: not eligible for auto-proxying)
2019-12-11 10:23:13.717 [main] INFO  o.s.c.s.PostProcessorRegistrationDelegate$BeanPostProcessorChecker -
                Bean 'PaySecurityManager' of type [org.apache.shiro.web.mgt.DefaultWebSecurityManager] is not eligible for getting processed by all BeanPostProcessors (for example: not eligible for auto-proxying)
2019-12-11 10:23:13.761 [main] INFO  o.s.c.s.PostProcessorRegistrationDelegate$BeanPostProcessorChecker -
                Bean 'authorizationAttributeSourceAdvisor' of type [org.apache.shiro.spring.security.interceptor.AuthorizationAttributeSourceAdvisor] is not eligible for getting processed by all BeanPostProcessors (for example: not eligible for auto-proxying)
2019-12-11 10:23:13.793 [main] INFO  o.s.c.s.PostProcessorRegistrationDelegate$BeanPostProcessorChecker -
                Bean 'org.apache.shiro.spring.boot.autoconfigure.ShiroBeanAutoConfiguration' of type [org.apache.shiro.spring.boot.autoconfigure.ShiroBeanAutoConfiguration$$EnhancerBySpringCGLIB$$c6526f8c] is not eligible for getting processed by all BeanPostProcessors (for example: not eligible for auto-proxying)
2019-12-11 10:23:13.798 [main] INFO  o.s.c.s.PostProcessorRegistrationDelegate$BeanPostProcessorChecker -
                Bean 'eventBus' of type [org.apache.shiro.event.support.DefaultEventBus] is not eligible for getting processed by all BeanPostProcessors (for example: not eligible for auto-proxying)
2019-12-11 10:23:14.192 [main] INFO  o.s.boot.web.embedded.tomcat.TomcatWebServer -
                Tomcat initialized with port(s): 8088 (http)
2019-12-11 10:23:14.209 [main] INFO  org.apache.coyote.http11.Http11NioProtocol -
                Initializing ProtocolHandler ["http-nio-8088"]
2019-12-11 10:23:14.219 [main] INFO  org.apache.catalina.core.StandardService -
                Starting service [Tomcat]
2019-12-11 10:23:14.219 [main] INFO  org.apache.catalina.core.StandardEngine -
                Starting Servlet engine: [Apache Tomcat/9.0.21]
2019-12-11 10:23:14.450 [main] INFO  o.a.c.core.ContainerBase.[Tomcat].[localhost].[/] -
                Initializing Spring embedded WebApplicationContext
2019-12-11 10:23:14.450 [main] INFO  org.springframework.web.context.ContextLoader -
                Root WebApplicationContext: initialization completed in 4845 ms
2019-12-11 10:23:15.404 [main] INFO  s.d.s.w.PropertySourcedRequestMappingHandlerMapping -
                Mapped URL path [/v2/api-docs] onto method [public org.springframework.http.ResponseEntity<springfox.documentation.spring.web.json.Json> springfox.documentation.swagger2.web.Swagger2Controller.getDocumentation(java.lang.String,javax.servlet.http.HttpServletRequest)]
2019-12-11 10:23:16.068 [main] INFO  s.d.s.web.plugins.DocumentationPluginsBootstrapper -
                Context refreshed
2019-12-11 10:23:16.088 [main] INFO  s.d.s.web.plugins.DocumentationPluginsBootstrapper -
                Found 1 custom documentation plugin(s)
2019-12-11 10:23:16.133 [main] INFO  s.d.spring.web.scanners.ApiListingReferenceScanner -
                Scanning for api listing references
2019-12-11 10:23:16.232 [main] INFO  s.d.s.w.r.operation.CachingOperationNameGenerator -
                Generating unique operation named: notifyUsingPOST_1
2019-12-11 10:23:16.279 [main] INFO  org.apache.coyote.http11.Http11NioProtocol -
                Starting ProtocolHandler ["http-nio-8088"]
2019-12-11 10:23:16.320 [main] INFO  o.s.boot.web.embedded.tomcat.TomcatWebServer -
                Tomcat started on port(s): 8088 (http) with context path ''
2019-12-11 10:23:16.324 [main] INFO  com.yy.RunApplication -
                Started RunApplication in 8.5 seconds (JVM running for 10.483)
